
> dev
> vite --host 127.0.0.1 --port 5173


  [32m[1mVITE[22m v7.3.2[39m  [2mready in [0m[1m5245[22m[2m[0m ms[22m

  [32m➜[39m  [1mLocal[22m:   [36mhttp://127.0.0.1:[1m5173[22m/[39m

  [31m[1mLARAVEL[22m v12.58.0[39m  [2mplugin[22m [1mv2.1.0[22m

  [32m➜[39m  [1mAPP_URL[22m: [36mhttp://localhost[39m
[2m4:28:59 PM[22m [36m[1m[vite][22m[39m [32mfull reload[39m [2mresources\views\home.blade.php[22m
[2m4:28:59 PM[22m [36m[1m[vite][22m[39m [32mfull reload[39m [2mresources\views\auth.blade.php[22m
[2m4:29:00 PM[22m [36m[1m[vite][22m[39m [32mfull reload[39m [2mresources\views\movies.blade.php[22m
[2m4:29:00 PM[22m [36m[1m[vite][22m[39m [32mfull reload[39m [2mresources\views\schedule.blade.php[22m
[2m4:29:00 PM[22m [36m[1m[vite][22m[39m [32mfull reload[39m [2mresources\views\movie-detail.blade.php[22m
[2m4:29:15 PM[22m [36m[1m[vite][22m[39m [32mfull reload[39m [2mresources\views\partials\header.blade.php[22m
[2m4:31:34 PM[22m [36m[1m[vite][22m[39m [32mfull reload[39m [2mresources\views\admin\showtimes\index.blade.php[22m
[2m4:31:34 PM[22m [36m[1m[vite][22m[39m [32mfull reload[39m [2mresources\views\admin\rooms\index.blade.php[22m
[2m4:31:34 PM[22m [36m[1m[vite][22m[39m [32mfull reload[39m [2mresources\views\admin\rooms\seats.blade.php[22m
[2m4:31:56 PM[22m [36m[1m[vite][22m[39m [32mfull reload[39m [2mresources\views\admin\movies\index.blade.php[22m
[2m4:31:56 PM[22m [36m[1m[vite][22m[39m [32mfull reload[39m [2mresources\views\admin\movies\form.blade.php[22m
[2m4:32:13 PM[22m [36m[1m[vite][22m[39m [32mfull reload[39m [2mresources\views\admin\users\index.blade.php[22m
[2m4:32:13 PM[22m [36m[1m[vite][22m[39m [32mfull reload[39m [2mresources\views\admin\settings\index.blade.php[22m
[2m4:32:50 PM[22m [36m[1m[vite][22m[39m [32mfull reload[39m [2mresources\views\admin\bookings\index.blade.php[22m
[2m4:32:50 PM[22m [36m[1m[vite][22m[39m [32mfull reload[39m [2mresources\views\admin\bookings\show.blade.php[22m
[2m4:32:50 PM[22m [36m[1m[vite][22m[39m [32mfull reload[39m [2mresources\views\admin\dashboard.blade.php[22m
[2m4:33:14 PM[22m [36m[1m[vite][22m[39m [32mfull reload[39m [2mresources\views\layouts\admin.blade.php[22m
[2m4:33:36 PM[22m [36m[1m[vite][22m[39m [32mfull reload[39m [2mresources\views\admin\movies\form.blade.php[22m
[2m4:34:08 PM[22m [36m[1m[vite][22m[39m [32mfull reload[39m [2mroutes\web.php[22m
[2m4:34:08 PM[22m [36m[1m[vite][22m[39m [32mfull reload[39m [2mresources\views\admin\login.blade.php[22m
[2m4:38:37 PM[22m [36m[1m[vite][22m[39m [32mfull reload[39m [2mroutes\web.php[22m
[2m4:38:51 PM[22m [36m[1m[vite][22m[39m [32mfull reload[39m [2mresources\views\schedule.blade.php[22m
[2m4:38:51 PM[22m [36m[1m[vite][22m[39m [32mfull reload[39m [2mresources\views\movie-detail.blade.php[22m
[2m4:38:51 PM[22m [36m[1m[vite][22m[39m [32mfull reload[39m [2mresources\views\seat-selection-content.blade.php[22m
[2m4:40:50 PM[22m [36m[1m[vite][22m[39m [32mfull reload[39m [2mresources\views\seat-selection-content.blade.php[22m
[2m4:40:53 PM[22m [36m[1m[vite][22m[39m [32mfull reload[39m [2mroutes\web.php[22m
[2m4:41:12 PM[22m [36m[1m[vite][22m[39m [32mfull reload[39m [2mresources\views\movie-detail.blade.php[22m
[2m5:18:38 PM[22m [36m[1m[vite][22m[39m [32mfull reload[39m [2mresources\views\home.blade.php[22m
[2m5:29:41 PM[22m [36m[1m[vite][22m[39m [32mfull reload[39m [2mresources\views\payment-page.blade.php[22m
[2m5:29:49 PM[22m [36m[1m[vite][22m[39m [32mfull reload[39m [2mresources\views\payment-demo.blade.php[22m
[2m5:29:56 PM[22m [36m[1m[vite][22m[39m [32mfull reload[39m [2mresources\views\layouts\app.blade.php[22m
[2m5:30:12 PM[22m [36m[1m[vite][22m[39m [32mfull reload[39m [2mresources\views\layouts\app.blade.php[22m
[2m5:31:58 PM[22m [36m[1m[vite][22m[39m [32mfull reload[39m [2mresources\views\home.blade.php[22m
[2m5:32:19 PM[22m [36m[1m[vite][22m[39m [32mfull reload[39m [2mresources\views\home.blade.php[22m
[2m5:32:30 PM[22m [36m[1m[vite][22m[39m [32mfull reload[39m [2mresources\views\home.blade.php[22m
[2m5:32:47 PM[22m [36m[1m[vite][22m[39m [32mfull reload[39m [2mresources\views\home.blade.php[22m
[2m5:32:59 PM[22m [36m[1m[vite][22m[39m [32mfull reload[39m [2mresources\views\home.blade.php[22m
[2m5:33:09 PM[22m [36m[1m[vite][22m[39m [32mfull reload[39m [2mresources\views\home.blade.php[22m
[2m5:57:28 PM[22m [36m[1m[vite][22m[39m [32m.env changed, restarting server...[39m
[2m5:57:29 PM[22m [36m[1m[vite][22m[39m server restarted.

  [31m[1mLARAVEL[22m v12.58.0[39m  [2mplugin[22m [1mv2.1.0[22m

  [32m➜[39m  [1mAPP_URL[22m: [36mhttps://skinhead-diploma-sarcastic.ngrok-free.dev[39m
[2m6:01:12 PM[22m [36m[1m[vite][22m[39m [32m.env changed, restarting server...[39m
[2m6:01:13 PM[22m [36m[1m[vite][22m[39m server restarted.

  [31m[1mLARAVEL[22m v12.58.0[39m  [2mplugin[22m [1mv2.1.0[22m

  [32m➜[39m  [1mAPP_URL[22m: [36mhttp://127.0.0.1:[1m8000[22m[39m
[2m6:02:51 PM[22m [36m[1m[vite][22m[39m [32mfull reload[39m [2mresources\views\home.blade.php[22m
[2m6:57:36 PM[22m [36m[1m[vite][22m[39m [32mfull reload[39m [2mresources\views\partials\header.blade.php[22m
[2m6:57:36 PM[22m [36m[1m[vite][22m[39m [32mfull reload[39m [2mresources\views\account.blade.php[22m
[2m6:57:36 PM[22m [36m[1m[vite][22m[39m [32mfull reload[39m [2mresources\views\auth.blade.php[22m
[2m6:57:36 PM[22m [36m[1m[vite][22m[39m [32mfull reload[39m [2mresources\views\home.blade.php[22m
[2m6:57:36 PM[22m [36m[1m[vite][22m[39m [32mfull reload[39m [2mresources\views\movie-detail.blade.php[22m
[2m6:57:36 PM[22m [36m[1m[vite][22m[39m [32mfull reload[39m [2mresources\views\movies.blade.php[22m
[2m6:57:36 PM[22m [36m[1m[vite][22m[39m [32mfull reload[39m [2mresources\views\schedule.blade.php[22m
[2m6:57:36 PM[22m [36m[1m[vite][22m[39m [32mfull reload[39m [2mresources\views\seat-selection-content.blade.php[22m
[2m6:57:36 PM[22m [36m[1m[vite][22m[39m [32mfull reload[39m [2mresources\views\layouts\app.blade.php[22m
[2m6:57:36 PM[22m [36m[1m[vite][22m[39m [32mfull reload[39m [2mroutes\web.php[22m
[2m6:57:37 PM[22m [36m[1m[vite][22m[39m [32mfull reload[39m [2mresources\views\account.blade.php[22m
[2m6:57:37 PM[22m [36m[1m[vite][22m[39m [32mfull reload[39m [2mresources\views\partials\header.blade.php[22m
[2m6:57:37 PM[22m [36m[1m[vite][22m[39m [32mfull reload[39m [2mresources\views\auth.blade.php[22m
[2m6:57:37 PM[22m [36m[1m[vite][22m[39m [32mfull reload[39m [2mresources\views\home.blade.php[22m
[2m6:57:37 PM[22m [36m[1m[vite][22m[39m [32mfull reload[39m [2mresources\views\movie-detail.blade.php[22m
[2m6:57:37 PM[22m [36m[1m[vite][22m[39m [32mfull reload[39m [2mresources\views\movies.blade.php[22m
[2m6:57:37 PM[22m [36m[1m[vite][22m[39m [32mfull reload[39m [2mresources\views\schedule.blade.php[22m
[2m6:57:37 PM[22m [36m[1m[vite][22m[39m [32mfull reload[39m [2mresources\views\seat-selection-content.blade.php[22m
[2m6:57:37 PM[22m [36m[1m[vite][22m[39m [32mfull reload[39m [2mresources\views\layouts\app.blade.php[22m
[2m6:57:37 PM[22m [36m[1m[vite][22m[39m [32mfull reload[39m [2mroutes\web.php[22m
[2m6:57:37 PM[22m [36m[1m[vite][22m[39m [32mfull reload[39m [2mresources\views\payment-demo.blade.php[22m
[2m6:57:37 PM[22m [36m[1m[vite][22m[39m [32mfull reload[39m [2mresources\views\payment-page.blade.php[22m
[2m6:57:37 PM[22m [36m[1m[vite][22m[39m [32mfull reload[39m [2mresources\views\seat-selection.blade.php[22m
[2m6:57:37 PM[22m [36m[1m[vite][22m[39m [32mfull reload[39m [2mresources\views\layouts\admin.blade.php[22m
[2m6:57:37 PM[22m [36m[1m[vite][22m[39m [32mfull reload[39m [2mroutes\api.php[22m
[2m6:57:37 PM[22m [36m[1m[vite][22m[39m [32mfull reload[39m [2mresources\views\admin\dashboard.blade.php[22m
[2m6:57:37 PM[22m [36m[1m[vite][22m[39m [32mfull reload[39m [2mresources\views\admin\login.blade.php[22m
[2m6:57:37 PM[22m [36m[1m[vite][22m[39m [32mfull reload[39m [2mresources\views\errors\404.blade.php[22m
[2m6:57:37 PM[22m [36m[1m[vite][22m[39m [32mfull reload[39m [2mresources\views\admin\bookings\index.blade.php[22m
[2m6:57:37 PM[22m [36m[1m[vite][22m[39m [32mfull reload[39m [2mresources\views\admin\bookings\show.blade.php[22m
[2m6:57:37 PM[22m [36m[1m[vite][22m[39m [32mfull reload[39m [2mresources\views\admin\movies\form.blade.php[22m
[2m6:57:37 PM[22m [36m[1m[vite][22m[39m [32mfull reload[39m [2mresources\views\admin\movies\index.blade.php[22m
[2m6:57:37 PM[22m [36m[1m[vite][22m[39m [32mfull reload[39m [2mresources\views\admin\rooms\index.blade.php[22m
[2m6:57:37 PM[22m [36m[1m[vite][22m[39m [32mfull reload[39m [2mresources\views\admin\rooms\seats.blade.php[22m
[2m6:57:37 PM[22m [36m[1m[vite][22m[39m [32mfull reload[39m [2mresources\views\admin\settings\index.blade.php[22m
[2m6:57:37 PM[22m [36m[1m[vite][22m[39m [32mfull reload[39m [2mresources\views\admin\showtimes\index.blade.php[22m
[2m6:57:37 PM[22m [36m[1m[vite][22m[39m [32mfull reload[39m [2mresources\views\admin\users\index.blade.php[22m
[2m8:09:43 PM[22m [36m[1m[vite][22m[39m [32m.env changed, restarting server...[39m
[2m8:09:43 PM[22m [36m[1m[vite][22m[39m server restarted.

  [31m[1mLARAVEL[22m v12.58.0[39m  [2mplugin[22m [1mv2.1.0[22m

  [32m➜[39m  [1mAPP_URL[22m: [36mhttps://skinhead-diploma-sarcastic.ngrok-free.dev[39m
[2m11:20:44 PM[22m [36m[1m[vite][22m[39m [32mfull reload[39m [2mresources\views\seat-selection-content.blade.php[22m
[2m11:21:04 PM[22m [36m[1m[vite][22m[39m [32mfull reload[39m [2mresources\views\seat-selection-content.blade.php[22m
[2m11:38:58 PM[22m [36m[1m[vite][22m[39m [32mfull reload[39m [2mresources\views\admin\bookings\index.blade.php[22m
[2m11:39:00 PM[22m [36m[1m[vite][22m[39m [32mfull reload[39m [2mresources\views\admin\bookings\show.blade.php[22m
[2m11:39:02 PM[22m [36m[1m[vite][22m[39m [32mfull reload[39m [2mresources\views\admin\dashboard.blade.php[22m
[2m11:39:53 PM[22m [36m[1m[vite][22m[39m [32m.env changed, restarting server...[39m
[2m11:39:54 PM[22m [36m[1m[vite][22m[39m server restarted.

  [31m[1mLARAVEL[22m v12.58.0[39m  [2mplugin[22m [1mv2.1.0[22m

  [32m➜[39m  [1mAPP_URL[22m: [36mhttp://127.0.0.1:[1m8000[22m[39m
[2m12:33:19 AM[22m [36m[1m[vite][22m[39m [32mfull reload[39m [2mroutes\web.php[22m
[2m12:33:28 AM[22m [36m[1m[vite][22m[39m [32mfull reload[39m [2mroutes\web.php[22m
[2m12:33:33 AM[22m [36m[1m[vite][22m[39m [32mfull reload[39m [2mresources\views\account.blade.php[22m
[2m12:42:14 AM[22m [36m[1m[vite][22m[39m [32m.env changed, restarting server...[39m
[2m12:42:15 AM[22m [36m[1m[vite][22m[39m server restarted.

  [31m[1mLARAVEL[22m v12.58.0[39m  [2mplugin[22m [1mv2.1.0[22m

  [32m➜[39m  [1mAPP_URL[22m: [36mhttps://skinhead-diploma-sarcastic.ngrok-free.dev[39m
[2m12:54:29 AM[22m [36m[1m[vite][22m[39m [32m.env changed, restarting server...[39m
[2m12:54:29 AM[22m [36m[1m[vite][22m[39m server restarted.

  [31m[1mLARAVEL[22m v12.58.0[39m  [2mplugin[22m [1mv2.1.0[22m

  [32m➜[39m  [1mAPP_URL[22m: [36mhttps://skinhead-diploma-sarcastic.ngrok-free.dev[39m
[2m8:06:21 AM[22m [36m[1m[vite][22m[39m [32mfull reload[39m [2mresources\views\admin\dashboard.blade.php[22m
[2m8:45:48 AM[22m [36m[1m[vite][22m[39m [32m.env changed, restarting server...[39m
[2m8:45:49 AM[22m [36m[1m[vite][22m[39m server restarted.

  [31m[1mLARAVEL[22m v12.58.0[39m  [2mplugin[22m [1mv2.1.0[22m

  [32m➜[39m  [1mAPP_URL[22m: [36mhttp://127.0.0.1:[1m8000[22m[39m
[2m8:47:14 AM[22m [36m[1m[vite][22m[39m [32m.env changed, restarting server...[39m
[2m8:47:15 AM[22m [36m[1m[vite][22m[39m server restarted.

  [31m[1mLARAVEL[22m v12.58.0[39m  [2mplugin[22m [1mv2.1.0[22m

  [32m➜[39m  [1mAPP_URL[22m: [36mhttps://skinhead-diploma-sarcastic.ngrok-free.dev[39m
[2m9:19:11 AM[22m [36m[1m[vite][22m[39m [32mfull reload[39m [2mroutes\web.php[22m
[2m9:19:15 AM[22m [36m[1m[vite][22m[39m [32mfull reload[39m [2mresources\views\auth.blade.php[22m
[2m9:19:18 AM[22m [36m[1m[vite][22m[39m [32mfull reload[39m [2mresources\views\auth.blade.php[22m
[2m9:19:37 AM[22m [36m[1m[vite][22m[39m [32mfull reload[39m [2mresources\views\account.blade.php[22m
[2m9:20:11 AM[22m [36m[1m[vite][22m[39m [32mfull reload[39m [2mresources\views\account.blade.php[22m
[2m9:20:35 AM[22m [36m[1m[vite][22m[39m [32mfull reload[39m [2mroutes\web.php[22m
[2m9:20:41 AM[22m [36m[1m[vite][22m[39m [32mfull reload[39m [2mroutes\web.php[22m
[2m10:31:53 AM[22m [36m[1m[vite][22m[39m [32m.env changed, restarting server...[39m
[2m10:31:54 AM[22m [36m[1m[vite][22m[39m server restarted.

  [31m[1mLARAVEL[22m v12.58.0[39m  [2mplugin[22m [1mv2.1.0[22m

  [32m➜[39m  [1mAPP_URL[22m: [36mhttp://127.0.0.1:[1m8000[22m[39m
